2023-10-31 18:13:54.377  INFO 55941 --- [restartedMain] c.e.S.SpringBootDemoApplication          : Starting SpringBootDemoApplication using Java 20.0.2.1 on CPSElenoreChenMBP2023.local with PID 55941 (/Users/elenorechenmbp2023/git/SpringBootDemo/target/classes started by elenorechenmbp2023 in /Users/elenorechenmbp2023/git/SpringBootDemo)
2023-10-31 18:13:54.378  INFO 55941 --- [restartedMain] c.e.S.SpringBootDemoApplication          : No active profile set, falling back to 1 default profile: "default"
2023-10-31 18:13:54.466  INFO 55941 --- [restartedMain] o.s.b.w.embedded.tomcat.TomcatWebServer  : Tomcat initialized with port(s): 1234 (http)
2023-10-31 18:13:54.467  INFO 55941 --- [restartedMain] o.apache.catalina.core.StandardService   : Starting service [Tomcat]
2023-10-31 18:13:54.467  INFO 55941 --- [restartedMain] org.apache.catalina.core.StandardEngine  : Starting Servlet engine: [Apache Tomcat/9.0.82]
2023-10-31 18:13:54.470  INFO 55941 --- [restartedMain] o.a.c.c.C.[Tomcat-88].[localhost].[/]    : Initializing Spring embedded WebApplicationContext
2023-10-31 18:13:54.470  INFO 55941 --- [restartedMain] w.s.c.ServletWebServerApplicationContext : Root WebApplicationContext: initialization completed in 88 ms
2023-10-31 18:13:54.473  WARN 55941 --- [restartedMain] ConfigServletWebServerApplicationContext : Exception encountered during context initialization - cancelling refresh attempt: org.springframework.beans.factory.UnsatisfiedDependencyException: Error creating bean with name 'userController' defined in file [/Users/elenorechenmbp2023/git/SpringBootDemo/target/classes/com/example/SpringBootDemo/controller/UserController.class]: Unsatisfied dependency expressed through constructor parameter 0; nested exception is org.springframework.beans.factory.BeanCreationException: Error creating bean with name 'userService': Resolution of declared constructors on bean Class [com.example.SpringBootDemo.service.UserService] from ClassLoader [org.springframework.boot.devtools.restart.classloader.RestartClassLoader@3bac1620] failed; nested exception is java.lang.NoClassDefFoundError: org/springframework/data/jpa/repository/JpaRepository
2023-10-31 18:13:54.473  INFO 55941 --- [restartedMain] o.apache.catalina.core.StandardService   : Stopping service [Tomcat]
2023-10-31 18:13:54.475  INFO 55941 --- [restartedMain] ConditionEvaluationReportLoggingListener : 

Error starting ApplicationContext. To display the conditions report re-run your application with 'debug' enabled.
2023-10-31 18:13:54.476 ERROR 55941 --- [restartedMain] o.s.boot.SpringApplication               : Application run failed

org.springframework.beans.factory.UnsatisfiedDependencyException: Error creating bean with name 'userController' defined in file [/Users/elenorechenmbp2023/git/SpringBootDemo/target/classes/com/example/SpringBootDemo/controller/UserController.class]: Unsatisfied dependency expressed through constructor parameter 0; nested exception is org.springframework.beans.factory.BeanCreationException: Error creating bean with name 'userService': Resolution of declared constructors on bean Class [com.example.SpringBootDemo.service.UserService] from ClassLoader [org.springframework.boot.devtools.restart.classloader.RestartClassLoader@3bac1620] failed; nested exception is java.lang.NoClassDefFoundError: org/springframework/data/jpa/repository/JpaRepository
	at org.springframework.beans.factory.support.ConstructorResolver.createArgumentArray(ConstructorResolver.java:801) ~[spring-beans-5.3.30.jar:5.3.30]
	at org.springframework.beans.factory.support.ConstructorResolver.autowireConstructor(ConstructorResolver.java:224) ~[spring-beans-5.3.30.jar:5.3.30]
	at org.springframework.beans.factory.support.AbstractAutowireCapableBeanFactory.autowireConstructor(AbstractAutowireCapableBeanFactory.java:1372) ~[spring-beans-5.3.30.jar:5.3.30]
	at org.springframework.beans.factory.support.AbstractAutowireCapableBeanFactory.createBeanInstance(AbstractAutowireCapableBeanFactory.java:1222) ~[spring-beans-5.3.30.jar:5.3.30]
	at org.springframework.beans.factory.support.AbstractAutowireCapableBeanFactory.doCreateBean(AbstractAutowireCapableBeanFactory.java:582) ~[spring-beans-5.3.30.jar:5.3.30]
	at org.springframework.beans.factory.support.AbstractAutowireCapableBeanFactory.createBean(AbstractAutowireCapableBeanFactory.java:542) ~[spring-beans-5.3.30.jar:5.3.30]
	at org.springframework.beans.factory.support.AbstractBeanFactory.lambda$doGetBean$0(AbstractBeanFactory.java:335) ~[spring-beans-5.3.30.jar:5.3.30]
	at org.springframework.beans.factory.support.DefaultSingletonBeanRegistry.getSingleton(DefaultSingletonBeanRegistry.java:234) ~[spring-beans-5.3.30.jar:5.3.30]
	at org.springframework.beans.factory.support.AbstractBeanFactory.doGetBean(AbstractBeanFactory.java:333) ~[spring-beans-5.3.30.jar:5.3.30]
	at org.springframework.beans.factory.support.AbstractBeanFactory.getBean(AbstractBeanFactory.java:208) ~[spring-beans-5.3.30.jar:5.3.30]
	at org.springframework.beans.factory.support.DefaultListableBeanFactory.preInstantiateSingletons(DefaultListableBeanFactory.java:955) ~[spring-beans-5.3.30.jar:5.3.30]
	at org.springframework.context.support.AbstractApplicationContext.finishBeanFactoryInitialization(AbstractApplicationContext.java:921) ~[spring-context-5.3.30.jar:5.3.30]
	at org.springframework.context.support.AbstractApplicationContext.refresh(AbstractApplicationContext.java:583) ~[spring-context-5.3.30.jar:5.3.30]
	at org.springframework.boot.web.servlet.context.ServletWebServerApplicationContext.refresh(ServletWebServerApplicationContext.java:147) ~[spring-boot-2.7.17.jar:2.7.17]
	at org.springframework.boot.SpringApplication.refresh(SpringApplication.java:732) ~[spring-boot-2.7.17.jar:2.7.17]
	at org.springframework.boot.SpringApplication.refreshContext(SpringApplication.java:409) ~[spring-boot-2.7.17.jar:2.7.17]
	at org.springframework.boot.SpringApplication.run(SpringApplication.java:308) ~[spring-boot-2.7.17.jar:2.7.17]
	at org.springframework.boot.SpringApplication.run(SpringApplication.java:1300) ~[spring-boot-2.7.17.jar:2.7.17]
	at org.springframework.boot.SpringApplication.run(SpringApplication.java:1289) ~[spring-boot-2.7.17.jar:2.7.17]
	at com.example.SpringBootDemo.SpringBootDemoApplication.main(SpringBootDemoApplication.java:10) ~[classes/:na]
	at java.base/jdk.internal.reflect.DirectMethodHandleAccessor.invoke(DirectMethodHandleAccessor.java:104) ~[na:na]
	at java.base/java.lang.reflect.Method.invoke(Method.java:578) ~[na:na]
	at org.springframework.boot.devtools.restart.RestartLauncher.run(RestartLauncher.java:50) ~[spring-boot-devtools-2.7.17.jar:2.7.17]
Caused by: org.springframework.beans.factory.BeanCreationException: Error creating bean with name 'userService': Resolution of declared constructors on bean Class [com.example.SpringBootDemo.service.UserService] from ClassLoader [org.springframework.boot.devtools.restart.classloader.RestartClassLoader@3bac1620] failed; nested exception is java.lang.NoClassDefFoundError: org/springframework/data/jpa/repository/JpaRepository
	at org.springframework.beans.factory.annotation.AutowiredAnnotationBeanPostProcessor.determineCandidateConstructors(AutowiredAnnotationBeanPostProcessor.java:318) ~[spring-beans-5.3.30.jar:5.3.30]
	at org.springframework.beans.factory.support.AbstractAutowireCapableBeanFactory.determineConstructorsFromBeanPostProcessors(AbstractAutowireCapableBeanFactory.java:1302) ~[spring-beans-5.3.30.jar:5.3.30]
	at org.springframework.beans.factory.support.AbstractAutowireCapableBeanFactory.createBeanInstance(AbstractAutowireCapableBeanFactory.java:1219) ~[spring-beans-5.3.30.jar:5.3.30]
	at org.springframework.beans.factory.support.AbstractAutowireCapableBeanFactory.doCreateBean(AbstractAutowireCapableBeanFactory.java:582) ~[spring-beans-5.3.30.jar:5.3.30]
	at org.springframework.beans.factory.support.AbstractAutowireCapableBeanFactory.createBean(AbstractAutowireCapableBeanFactory.java:542) ~[spring-beans-5.3.30.jar:5.3.30]
	at org.springframework.beans.factory.support.AbstractBeanFactory.lambda$doGetBean$0(AbstractBeanFactory.java:335) ~[spring-beans-5.3.30.jar:5.3.30]
	at org.springframework.beans.factory.support.DefaultSingletonBeanRegistry.getSingleton(DefaultSingletonBeanRegistry.java:234) ~[spring-beans-5.3.30.jar:5.3.30]
	at org.springframework.beans.factory.support.AbstractBeanFactory.doGetBean(AbstractBeanFactory.java:333) ~[spring-beans-5.3.30.jar:5.3.30]
	at org.springframework.beans.factory.support.AbstractBeanFactory.getBean(AbstractBeanFactory.java:208) ~[spring-beans-5.3.30.jar:5.3.30]
	at org.springframework.beans.factory.config.DependencyDescriptor.resolveCandidate(DependencyDescriptor.java:276) ~[spring-beans-5.3.30.jar:5.3.30]
	at org.springframework.beans.factory.support.DefaultListableBeanFactory.doResolveDependency(DefaultListableBeanFactory.java:1391) ~[spring-beans-5.3.30.jar:5.3.30]
	at org.springframework.beans.factory.support.DefaultListableBeanFactory.resolveDependency(DefaultListableBeanFactory.java:1311) ~[spring-beans-5.3.30.jar:5.3.30]
	at org.springframework.beans.factory.support.ConstructorResolver.resolveAutowiredArgument(ConstructorResolver.java:911) ~[spring-beans-5.3.30.jar:5.3.30]
	at org.springframework.beans.factory.support.ConstructorResolver.createArgumentArray(ConstructorResolver.java:788) ~[spring-beans-5.3.30.jar:5.3.30]
	... 22 common frames omitted
Caused by: java.lang.NoClassDefFoundError: org/springframework/data/jpa/repository/JpaRepository
	at java.base/java.lang.ClassLoader.defineClass1(Native Method) ~[na:na]
	at java.base/java.lang.ClassLoader.defineClass(ClassLoader.java:1013) ~[na:na]
	at java.base/java.security.SecureClassLoader.defineClass(SecureClassLoader.java:150) ~[na:na]
	at java.base/java.net.URLClassLoader.defineClass(URLClassLoader.java:524) ~[na:na]
	at java.base/java.net.URLClassLoader$1.run(URLClassLoader.java:427) ~[na:na]
	at java.base/java.net.URLClassLoader$1.run(URLClassLoader.java:421) ~[na:na]
	at java.base/java.security.AccessController.doPrivileged(AccessController.java:714) ~[na:na]
	at java.base/java.net.URLClassLoader.findClass(URLClassLoader.java:420) ~[na:na]
	at org.springframework.boot.devtools.restart.classloader.RestartClassLoader.findClass(RestartClassLoader.java:160) ~[spring-boot-devtools-2.7.17.jar:2.7.17]
	at org.springframework.boot.devtools.restart.classloader.RestartClassLoader.loadClass(RestartClassLoader.java:142) ~[spring-boot-devtools-2.7.17.jar:2.7.17]
	at java.base/java.lang.ClassLoader.loadClass(ClassLoader.java:521) ~[na:na]
	at java.base/java.lang.Class.getDeclaredConstructors0(Native Method) ~[na:na]
	at java.base/java.lang.Class.privateGetDeclaredConstructors(Class.java:3473) ~[na:na]
	at java.base/java.lang.Class.getDeclaredConstructors(Class.java:2652) ~[na:na]
	at org.springframework.beans.factory.annotation.AutowiredAnnotationBeanPostProcessor.determineCandidateConstructors(AutowiredAnnotationBeanPostProcessor.java:313) ~[spring-beans-5.3.30.jar:5.3.30]
	... 35 common frames omitted
Caused by: java.lang.ClassNotFoundException: org.springframework.data.jpa.repository.JpaRepository
	at java.base/jdk.internal.loader.BuiltinClassLoader.loadClass(BuiltinClassLoader.java:641) ~[na:na]
	at java.base/jdk.internal.loader.ClassLoaders$AppClassLoader.loadClass(ClassLoaders.java:188) ~[na:na]
	at java.base/java.lang.ClassLoader.loadClass(ClassLoader.java:521) ~[na:na]
	at java.base/java.lang.Class.forName0(Native Method) ~[na:na]
	at java.base/java.lang.Class.forName(Class.java:496) ~[na:na]
	at java.base/java.lang.Class.forName(Class.java:475) ~[na:na]
	at org.springframework.boot.devtools.restart.classloader.RestartClassLoader.loadClass(RestartClassLoader.java:145) ~[spring-boot-devtools-2.7.17.jar:2.7.17]
	at java.base/java.lang.ClassLoader.loadClass(ClassLoader.java:521) ~[na:na]
	... 50 common frames omitted

2023-10-31 18:13:58.994  INFO 28699 --- [main] c.e.S.SpringBootDemoApplication          : Starting SpringBootDemoApplication using Java 20.0.2.1 on CPSElenoreChenMBP2023.local with PID 28699 (/Users/elenorechenmbp2023/git/SpringBootDemo/target/classes started by elenorechenmbp2023 in /Users/elenorechenmbp2023/git/SpringBootDemo)
2023-10-31 18:13:58.995  INFO 28699 --- [main] c.e.S.SpringBootDemoApplication          : No active profile set, falling back to 1 default profile: "default"
2023-10-31 18:13:59.391  INFO 28699 --- [main] .s.d.r.c.RepositoryConfigurationDelegate : Bootstrapping Spring Data JPA repositories in DEFAULT mode.
2023-10-31 18:13:59.411  INFO 28699 --- [main] .s.d.r.c.RepositoryConfigurationDelegate : Finished Spring Data repository scanning in 16 ms. Found 1 JPA repository interfaces.
2023-10-31 18:13:59.610  INFO 28699 --- [main] o.s.b.w.embedded.tomcat.TomcatWebServer  : Tomcat initialized with port(s): 1234 (http)
2023-10-31 18:13:59.613  INFO 28699 --- [main] o.apache.catalina.core.StandardService   : Starting service [Tomcat]
2023-10-31 18:13:59.614  INFO 28699 --- [main] org.apache.catalina.core.StandardEngine  : Starting Servlet engine: [Apache Tomcat/9.0.82]
2023-10-31 18:13:59.646  INFO 28699 --- [main] o.a.c.c.C.[Tomcat].[localhost].[/]       : Initializing Spring embedded WebApplicationContext
2023-10-31 18:13:59.646  INFO 28699 --- [main] w.s.c.ServletWebServerApplicationContext : Root WebApplicationContext: initialization completed in 593 ms
2023-10-31 18:13:59.690  INFO 28699 --- [main] com.zaxxer.hikari.HikariDataSource       : HikariPool-1 - Starting...
2023-10-31 18:13:59.856  INFO 28699 --- [main] com.zaxxer.hikari.HikariDataSource       : HikariPool-1 - Start completed.
2023-10-31 18:13:59.886  INFO 28699 --- [main] o.hibernate.jpa.internal.util.LogHelper  : HHH000204: Processing PersistenceUnitInfo [name: default]
2023-10-31 18:13:59.907  INFO 28699 --- [main] org.hibernate.Version                    : HHH000412: Hibernate ORM core version 5.6.15.Final
2023-10-31 18:13:59.975  INFO 28699 --- [main] o.hibernate.annotations.common.Version   : HCANN000001: Hibernate Commons Annotations {5.1.2.Final}
2023-10-31 18:14:00.019  INFO 28699 --- [main] org.hibernate.dialect.Dialect            : HHH000400: Using dialect: org.hibernate.dialect.MySQLDialect
2023-10-31 18:14:00.252  INFO 28699 --- [main] o.h.e.t.j.p.i.JtaPlatformInitiator       : HHH000490: Using JtaPlatform implementation: [org.hibernate.engine.transaction.jta.platform.internal.NoJtaPlatform]
2023-10-31 18:14:00.256  INFO 28699 --- [main] j.LocalContainerEntityManagerFactoryBean : Initialized JPA EntityManagerFactory for persistence unit 'default'
2023-10-31 18:14:00.406  WARN 28699 --- [main] JpaBaseConfiguration$JpaWebConfiguration : spring.jpa.open-in-view is enabled by default. Therefore, database queries may be performed during view rendering. Explicitly configure spring.jpa.open-in-view to disable this warning
2023-10-31 18:14:00.525  INFO 28699 --- [main] o.s.b.w.embedded.tomcat.TomcatWebServer  : Tomcat started on port(s): 1234 (http) with context path ''
2023-10-31 18:14:00.530  INFO 28699 --- [main] c.e.S.SpringBootDemoApplication          : Started SpringBootDemoApplication in 1.713 seconds (JVM running for 7.095)
2023-10-31 18:14:28.605  INFO 28699 --- [http-nio-1234-exec-1] o.a.c.c.C.[Tomcat].[localhost].[/]       : Initializing Spring DispatcherServlet 'dispatcherServlet'
2023-10-31 18:14:28.606  INFO 28699 --- [http-nio-1234-exec-1] o.s.web.servlet.DispatcherServlet        : Initializing Servlet 'dispatcherServlet'
2023-10-31 18:14:28.608  INFO 28699 --- [http-nio-1234-exec-1] o.s.web.servlet.DispatcherServlet        : Completed initialization in 2 ms
2023-10-31 18:14:28.620  INFO 28699 --- [http-nio-1234-exec-1] c.e.S.controller.UserController          : getAll0000000
